<?xml version="1.0" encoding="UTF-8"?>
<testsuite xmlns:xsi="http://www.w3.org/2001/XMLSchema-instance" xsi:noNamespaceSchemaLocation="https://maven.apache.org/surefire/maven-surefire-plugin/xsd/surefire-test-report-3.0.xsd" version="3.0" name="StringCalculatorTest" time="0.051" tests="7" errors="0" skipped="0" failures="0">
  <properties>
    <property name="java.specification.version" value="23"/>
    <property name="sun.jnu.encoding" value="UTF-8"/>
    <property name="java.class.path" value="/Users/juanmi/Library/CloudStorage/OneDrive-Personal/SoftwareEngineering/IntroSoftIng/Lab06/tdd/target/test-classes:/Users/juanmi/Library/CloudStorage/OneDrive-Personal/SoftwareEngineering/IntroSoftIng/Lab06/tdd/target/classes:/Users/juanmi/.m2/repository/org/junit/jupiter/junit-jupiter/5.13.0-M2/junit-jupiter-5.13.0-M2.jar:/Users/juanmi/.m2/repository/org/junit/jupiter/junit-jupiter-api/5.13.0-M2/junit-jupiter-api-5.13.0-M2.jar:/Users/juanmi/.m2/repository/org/opentest4j/opentest4j/1.3.0/opentest4j-1.3.0.jar:/Users/juanmi/.m2/repository/org/junit/platform/junit-platform-commons/1.13.0-M2/junit-platform-commons-1.13.0-M2.jar:/Users/juanmi/.m2/repository/org/apiguardian/apiguardian-api/1.1.2/apiguardian-api-1.1.2.jar:/Users/juanmi/.m2/repository/org/junit/jupiter/junit-jupiter-params/5.13.0-M2/junit-jupiter-params-5.13.0-M2.jar:/Users/juanmi/.m2/repository/org/junit/jupiter/junit-jupiter-engine/5.13.0-M2/junit-jupiter-engine-5.13.0-M2.jar:/Users/juanmi/.m2/repository/org/junit/platform/junit-platform-engine/1.13.0-M2/junit-platform-engine-1.13.0-M2.jar:"/>
    <property name="java.vm.vendor" value="Homebrew"/>
    <property name="sun.arch.data.model" value="64"/>
    <property name="java.vendor.url" value="https://github.com/Homebrew/homebrew-core/issues"/>
    <property name="os.name" value="Mac OS X"/>
    <property name="java.vm.specification.version" value="23"/>
    <property name="sun.java.launcher" value="SUN_STANDARD"/>
    <property name="user.country" value="FR"/>
    <property name="sun.boot.library.path" value="/usr/local/Cellar/openjdk/23.0.2/libexec/openjdk.jdk/Contents/Home/lib"/>
    <property name="sun.java.command" value="/Users/juanmi/Library/CloudStorage/OneDrive-Personal/SoftwareEngineering/IntroSoftIng/Lab06/tdd/target/surefire/surefirebooter-20250422120949839_3.jar /Users/juanmi/Library/CloudStorage/OneDrive-Personal/SoftwareEngineering/IntroSoftIng/Lab06/tdd/target/surefire 2025-04-22T12-09-49_739-jvmRun1 surefire-20250422120949839_1tmp surefire_0-20250422120949839_2tmp"/>
    <property name="jdk.debug" value="release"/>
    <property name="surefire.test.class.path" value="/Users/juanmi/Library/CloudStorage/OneDrive-Personal/SoftwareEngineering/IntroSoftIng/Lab06/tdd/target/test-classes:/Users/juanmi/Library/CloudStorage/OneDrive-Personal/SoftwareEngineering/IntroSoftIng/Lab06/tdd/target/classes:/Users/juanmi/.m2/repository/org/junit/jupiter/junit-jupiter/5.13.0-M2/junit-jupiter-5.13.0-M2.jar:/Users/juanmi/.m2/repository/org/junit/jupiter/junit-jupiter-api/5.13.0-M2/junit-jupiter-api-5.13.0-M2.jar:/Users/juanmi/.m2/repository/org/opentest4j/opentest4j/1.3.0/opentest4j-1.3.0.jar:/Users/juanmi/.m2/repository/org/junit/platform/junit-platform-commons/1.13.0-M2/junit-platform-commons-1.13.0-M2.jar:/Users/juanmi/.m2/repository/org/apiguardian/apiguardian-api/1.1.2/apiguardian-api-1.1.2.jar:/Users/juanmi/.m2/repository/org/junit/jupiter/junit-jupiter-params/5.13.0-M2/junit-jupiter-params-5.13.0-M2.jar:/Users/juanmi/.m2/repository/org/junit/jupiter/junit-jupiter-engine/5.13.0-M2/junit-jupiter-engine-5.13.0-M2.jar:/Users/juanmi/.m2/repository/org/junit/platform/junit-platform-engine/1.13.0-M2/junit-platform-engine-1.13.0-M2.jar:"/>
    <property name="sun.cpu.endian" value="little"/>
    <property name="user.home" value="/Users/juanmi"/>
    <property name="user.language" value="es"/>
    <property name="java.specification.vendor" value="Oracle Corporation"/>
    <property name="java.version.date" value="2025-01-21"/>
    <property name="java.home" value="/usr/local/Cellar/openjdk/23.0.2/libexec/openjdk.jdk/Contents/Home"/>
    <property name="file.separator" value="/"/>
    <property name="basedir" value="/Users/juanmi/Library/CloudStorage/OneDrive-Personal/SoftwareEngineering/IntroSoftIng/Lab06/tdd"/>
    <property name="java.vm.compressedOopsMode" value="Zero based"/>
    <property name="line.separator" value="&#10;"/>
    <property name="java.specification.name" value="Java Platform API Specification"/>
    <property name="java.vm.specification.vendor" value="Oracle Corporation"/>
    <property name="apple.awt.application.name" value="ForkedBooter"/>
    <property name="surefire.real.class.path" value="/Users/juanmi/Library/CloudStorage/OneDrive-Personal/SoftwareEngineering/IntroSoftIng/Lab06/tdd/target/surefire/surefirebooter-20250422120949839_3.jar"/>
    <property name="sun.management.compiler" value="HotSpot 64-Bit Tiered Compilers"/>
    <property name="java.runtime.version" value="23.0.2"/>
    <property name="user.name" value="juanmi"/>
    <property name="stdout.encoding" value="UTF-8"/>
    <property name="path.separator" value=":"/>
    <property name="os.version" value="14.5"/>
    <property name="java.runtime.name" value="OpenJDK Runtime Environment"/>
    <property name="file.encoding" value="UTF-8"/>
    <property name="java.vm.name" value="OpenJDK 64-Bit Server VM"/>
    <property name="java.vendor.version" value="Homebrew"/>
    <property name="localRepository" value="/Users/juanmi/.m2/repository"/>
    <property name="java.vendor.url.bug" value="https://github.com/Homebrew/homebrew-core/issues"/>
    <property name="java.io.tmpdir" value="/var/folders/qs/mknvkknn1wq8ppgbdxwf_bgw0000gn/T/"/>
    <property name="java.version" value="23.0.2"/>
    <property name="user.dir" value="/Users/juanmi/Library/CloudStorage/OneDrive-Personal/SoftwareEngineering/IntroSoftIng/Lab06/tdd"/>
    <property name="os.arch" value="x86_64"/>
    <property name="java.vm.specification.name" value="Java Virtual Machine Specification"/>
    <property name="native.encoding" value="UTF-8"/>
    <property name="java.library.path" value="/Users/juanmi/Library/Java/Extensions:/Library/Java/Extensions:/Network/Library/Java/Extensions:/System/Library/Java/Extensions:/usr/lib/java:."/>
    <property name="java.vm.info" value="mixed mode, sharing"/>
    <property name="stderr.encoding" value="UTF-8"/>
    <property name="java.vendor" value="Homebrew"/>
    <property name="java.vm.version" value="23.0.2"/>
    <property name="sun.io.unicode.encoding" value="UnicodeBig"/>
    <property name="java.class.version" value="67.0"/>
  </properties>
  <testcase name="givenAStringWithSeveralNumbersReturnsSum" classname="StringCalculatorTest" time="0.021"/>
  <testcase name="givenAStringWithOneNumberReturnThatNumber" classname="StringCalculatorTest" time="0.001"/>
  <testcase name="givenAStringWithSeveralNumbersSeparatedByUserDefinedDelimiter" classname="StringCalculatorTest" time="0.001"/>
  <testcase name="givenAStringWithTwoNumbersReturnsSum" classname="StringCalculatorTest" time="0.001"/>
  <testcase name="givenAStringWithNegativeNumbersThrowsException" classname="StringCalculatorTest" time="0.003"/>
  <testcase name="givenAnEmptyStringWhenAddThenReturnZero" classname="StringCalculatorTest" time="0.001"/>
  <testcase name="givenAStringWithSeveralNumbersSeparatedByCommasOrEndOfLine" classname="StringCalculatorTest" time="0.001"/>
</testsuite>