<?xml version="1.0" encoding="UTF-8"?>
<testsuite xmlns:xsi="http://www.w3.org/2001/XMLSchema-instance" xsi:noNamespaceSchemaLocation="https://maven.apache.org/surefire/maven-surefire-plugin/xsd/surefire-test-report-3.0.xsd" version="3.0" name="StringCalculatorTest" time="0.048" tests="6" errors="5" skipped="0" failures="0">
  <properties>
    <property name="java.specification.version" value="22"/>
    <property name="sun.cpu.isalist" value="amd64"/>
    <property name="sun.jnu.encoding" value="Cp1252"/>
    <property name="java.class.path" value="C:\Users\alumno\Documents\tdd\target\test-classes;C:\Users\alumno\Documents\tdd\target\classes;C:\Users\alumno\.m2\repository\org\junit\jupiter\junit-jupiter\5.13.0-M2\junit-jupiter-5.13.0-M2.jar;C:\Users\alumno\.m2\repository\org\junit\jupiter\junit-jupiter-api\5.13.0-M2\junit-jupiter-api-5.13.0-M2.jar;C:\Users\alumno\.m2\repository\org\opentest4j\opentest4j\1.3.0\opentest4j-1.3.0.jar;C:\Users\alumno\.m2\repository\org\junit\platform\junit-platform-commons\1.13.0-M2\junit-platform-commons-1.13.0-M2.jar;C:\Users\alumno\.m2\repository\org\apiguardian\apiguardian-api\1.1.2\apiguardian-api-1.1.2.jar;C:\Users\alumno\.m2\repository\org\junit\jupiter\junit-jupiter-params\5.13.0-M2\junit-jupiter-params-5.13.0-M2.jar;C:\Users\alumno\.m2\repository\org\junit\jupiter\junit-jupiter-engine\5.13.0-M2\junit-jupiter-engine-5.13.0-M2.jar;C:\Users\alumno\.m2\repository\org\junit\platform\junit-platform-engine\1.13.0-M2\junit-platform-engine-1.13.0-M2.jar;"/>
    <property name="java.vm.vendor" value="Oracle Corporation"/>
    <property name="sun.arch.data.model" value="64"/>
    <property name="user.variant" value=""/>
    <property name="java.vendor.url" value="https://java.oracle.com/"/>
    <property name="user.timezone" value="Europe/Madrid"/>
    <property name="os.name" value="Windows 10"/>
    <property name="java.vm.specification.version" value="22"/>
    <property name="sun.java.launcher" value="SUN_STANDARD"/>
    <property name="user.country" value="ES"/>
    <property name="sun.boot.library.path" value="C:\Program Files\Java\jdk-22\bin"/>
    <property name="sun.java.command" value="C:\Users\alumno\AppData\Local\Temp\surefire13420914118824171289\surefirebooter-20250422102704234_3.jar C:\Users\alumno\AppData\Local\Temp\surefire13420914118824171289 2025-04-22T10-27-04_141-jvmRun1 surefire-20250422102704234_1tmp surefire_0-20250422102704234_2tmp"/>
    <property name="jdk.debug" value="release"/>
    <property name="surefire.test.class.path" value="C:\Users\alumno\Documents\tdd\target\test-classes;C:\Users\alumno\Documents\tdd\target\classes;C:\Users\alumno\.m2\repository\org\junit\jupiter\junit-jupiter\5.13.0-M2\junit-jupiter-5.13.0-M2.jar;C:\Users\alumno\.m2\repository\org\junit\jupiter\junit-jupiter-api\5.13.0-M2\junit-jupiter-api-5.13.0-M2.jar;C:\Users\alumno\.m2\repository\org\opentest4j\opentest4j\1.3.0\opentest4j-1.3.0.jar;C:\Users\alumno\.m2\repository\org\junit\platform\junit-platform-commons\1.13.0-M2\junit-platform-commons-1.13.0-M2.jar;C:\Users\alumno\.m2\repository\org\apiguardian\apiguardian-api\1.1.2\apiguardian-api-1.1.2.jar;C:\Users\alumno\.m2\repository\org\junit\jupiter\junit-jupiter-params\5.13.0-M2\junit-jupiter-params-5.13.0-M2.jar;C:\Users\alumno\.m2\repository\org\junit\jupiter\junit-jupiter-engine\5.13.0-M2\junit-jupiter-engine-5.13.0-M2.jar;C:\Users\alumno\.m2\repository\org\junit\platform\junit-platform-engine\1.13.0-M2\junit-platform-engine-1.13.0-M2.jar;"/>
    <property name="sun.cpu.endian" value="little"/>
    <property name="user.home" value="C:\Users\alumno"/>
    <property name="user.language" value="es"/>
    <property name="java.specification.vendor" value="Oracle Corporation"/>
    <property name="java.version.date" value="2024-04-16"/>
    <property name="java.home" value="C:\Program Files\Java\jdk-22"/>
    <property name="file.separator" value="\"/>
    <property name="basedir" value="C:\Users\alumno\Documents\tdd"/>
    <property name="java.vm.compressedOopsMode" value="Zero based"/>
    <property name="line.separator" value="&#10;"/>
    <property name="java.vm.specification.vendor" value="Oracle Corporation"/>
    <property name="java.specification.name" value="Java Platform API Specification"/>
    <property name="surefire.real.class.path" value="C:\Users\alumno\AppData\Local\Temp\surefire13420914118824171289\surefirebooter-20250422102704234_3.jar"/>
    <property name="user.script" value=""/>
    <property name="sun.management.compiler" value="HotSpot 64-Bit Tiered Compilers"/>
    <property name="java.runtime.version" value="22.0.1+8-16"/>
    <property name="user.name" value="alumno"/>
    <property name="stdout.encoding" value="Cp1252"/>
    <property name="path.separator" value=";"/>
    <property name="os.version" value="10.0"/>
    <property name="java.runtime.name" value="Java(TM) SE Runtime Environment"/>
    <property name="file.encoding" value="UTF-8"/>
    <property name="java.vm.name" value="Java HotSpot(TM) 64-Bit Server VM"/>
    <property name="localRepository" value="C:\Users\alumno\.m2\repository"/>
    <property name="java.vendor.url.bug" value="https://bugreport.java.com/bugreport/"/>
    <property name="java.io.tmpdir" value="C:\Users\alumno\AppData\Local\Temp\"/>
    <property name="java.version" value="22.0.1"/>
    <property name="user.dir" value="C:\Users\alumno\Documents\tdd"/>
    <property name="os.arch" value="amd64"/>
    <property name="java.vm.specification.name" value="Java Virtual Machine Specification"/>
    <property name="sun.os.patch.level" value=""/>
    <property name="native.encoding" value="Cp1252"/>
    <property name="java.library.path" value="C:\Program Files\Java\jdk-22\bin;C:\Windows\Sun\Java\bin;C:\Windows\system32;C:\Windows;C:\Program Files (x86)\VMware\VMware Player\bin\;C:\Program Files\Common Files\Oracle\Java\javapath;C:\Program Files\Eclipse Foundation\jdk-8.0.302.8-hotspot\bin;C:\Program Files (x86)\Common Files\Oracle\Java\javapath;C:\Program Files\Haskell\bin;C:\Program Files\Haskell Platform\8.6.5\lib\extralibs\bin;C:\Program Files\Haskell Platform\8.6.5\bin;C:\mingw64\bin;C:\Program Files (x86)\Python37-32\;C:\ProgramData\Oracle\Java\javapath;C:\SPARK\2016\bin;C:\GNAT\2016\bin;C:\WINDOWS\system32;C:\WINDOWS;C:\WINDOWS\System32\Wbem;C:\WINDOWS\System32\WindowsPowerShell\v1.0\;C:\Program Files\Java\jdk1.8.0_11\bin;C:\Program Files\Java\jdk1.8.0_11\lib;C:\Program Files (x86)\condor\bin\;C:\Program Files (x86)\sqldeveloper-3.2.20.09.87\sqldeveloper\jdk\lib\;C:\Program Files (x86)\sqldeveloper-3.2.20.09.87\sqldeveloper\jdk\jre;C:\Program Files (x86)\sqldeveloper-3.2.20.09.87\sqldeveloper\jdk\jre\bin;C:\Program Files\Microsoft\Web Platform Installer\;C:\Program Files (x86)\Microsoft ASP.NET\ASP.NET Web Pages\v1.0\;C:\Program Files\Microsoft SQL Server\110\Tools\Binn\;C:\Program Files (x86)\Microsoft Research\Z3-4.1\bin;C:\Program Files (x86)\MetodosFormales\pc_spin632;C:\use-5.2.0\bin;C:\wildfly-10.1.0.Final\bin;C:\apache-maven-3.9.8\bin;C:\apache-maven-3.9.8\lib;C:\apache-ant-1.9.5\bin;C:\OpenSSL-Win32\bin;C:\Ruby22;C:\Ruby22\bin;C:\Ruby22\lib;C:\Program Files (x86)\MySQL\MySQL Server 5.5\bin;C:\Program Files\PuTTY\;C:\Program Files (x86)\Google\Cloud SDK\google-cloud-sdk\bin;C:\Program Files\Microsoft Network Monitor 3\;C:\WINDOWS\System32\OpenSSH\;C:\moa-release-2019.04.1\bin\;C:\moa-release-2019.04.1\src\;C:\moa-release-2019.04.1\lib\;C:\Program Files\Microsoft VS Code\bin;C:\Program Files (x86)\Google\Cloud SDK\google-cloud-sdk\platform;C:\mysql-5.7.27-winx64\bin;C:\Program Files\Haskell Platform\8.6.5\mingw\bin;C:\Program Files (x86)\NVIDIA Corporation\PhysX\Common;C:\Windows\system32;C:\Windows;C:\Windows\System32\Wbem;C:\Windows\System32\WindowsPowerShell\v1.0\;C:\Windows\System32\OpenSSH\;C:\Program Files\Git\cmd;C:\Program Files\dotnet\;C:\Program Files (x86)\Bitvise SSH Client;C:\JupyterLab;C:\Program Files\NVIDIA Corporation\Nsight Compute 2023.2.1\;C:\Program Files (x86)\GtkSharp\2.12\bin;C:\condor\bin\;C:\Program Files\Docker\Docker\resources\bin;C:\ProgramData\chocolatey\bin;C:\Program Files\nodejs\;C:\Program Files\CMake\bin;C:\Users\alumno\AppData\Local\Programs\Python\Python312\Scripts\;C:\Users\alumno\AppData\Local\Programs\Python\Python312\;C:\Users\alumno\AppData\Local\Programs\Python\Python39\Scripts\;C:\Users\alumno\AppData\Local\Programs\Python\Python39\;C:\Users\alumno\AppData\Roaming\cabal\bin;C:\Users\alumno\AppData\Roaming\local\bin;C:\mingw64\bin;C:\RailsInstaller\Git\cmd;C:\RailsInstaller\Ruby2.3.0\bin;C:\Ruby22\bin;C:\Tcl\bin;C:\Program Files\Haskell\bin;C:\Program Files\Haskell Platform\8.4.3\lib\extralibs\bin;C:\Program Files\Haskell Platform\8.4.3\bin;C:\ProgramData\Oracle\Java\javapath;C:\SPARK\2016\bin;C:\GNAT\2016\bin;C:\WINDOWS\system32;C:\WINDOWS;C:\WINDOWS\System32\Wbem;C:\WINDOWS\System32\WindowsPowerShell\v1.0\;C:\Program Files\Java\jdk1.8.0_11\bin;C:\Program Files\Java\jdk1.8.0_11\lib;C:\Program Files (x86)\condor\bin\;C:\Program Files (x86)\sqldeveloper-3.2.20.09.87\sqldeveloper\jdk\lib\;C:\Program Files (x86)\sqldeveloper-3.2.20.09.87\sqldeveloper\jdk\jre;C:\Program Files (x86)\sqldeveloper-3.2.20.09.87\sqldeveloper\jdk\jre\bin;C:\Program Files\Microsoft\Web Platform Installer\;C:\Program Files;C:\Program Files\JetBrains;c:\maude+strat-20210730-windows (1);C:\Users\alumno\AppData\Local\JetBrains\IntelliJ IDEA Community Edition 2024.1.4\bin;;C:\Program Files\JetBrains\PyCharm Community Edition 2024.1.4\bin;;C:\Users\alumno\.dotnet\tools;C:\apache-maven-3.8.6\bin;C:\Users\alumno\AppData\Roaming\TinyTeX\bin\win32;C:\Users\alumno\AppData\Local\Microsoft\WindowsApps;C:\Users\alumno\AppData\Roaming\npm;C:\Program Files (x86)\Nmap;C:\Program Files\JetBrains\IntelliJ IDEA 2024.1.4\bin;;;."/>
    <property name="java.vm.info" value="mixed mode, sharing"/>
    <property name="stderr.encoding" value="Cp1252"/>
    <property name="java.vendor" value="Oracle Corporation"/>
    <property name="java.vm.version" value="22.0.1+8-16"/>
    <property name="sun.io.unicode.encoding" value="UnicodeLittle"/>
    <property name="java.class.version" value="66.0"/>
  </properties>
  <testcase name="givenAStringWithSeveralNumbersReturnsSum" classname="StringCalculatorTest" time="0.016">
    <error message="Index 4 out of bounds for length 4" type="java.lang.IndexOutOfBoundsException"><![CDATA[java.lang.IndexOutOfBoundsException: Index 4 out of bounds for length 4
	at java.base/jdk.internal.util.Preconditions.outOfBounds(Preconditions.java:100)
	at java.base/jdk.internal.util.Preconditions.outOfBoundsCheckIndex(Preconditions.java:106)
	at java.base/jdk.internal.util.Preconditions.checkIndex(Preconditions.java:302)
	at java.base/java.util.Objects.checkIndex(Objects.java:365)
	at java.base/java.util.ArrayList.get(ArrayList.java:428)
	at StringCalculator.hasNegative(StringCalculator.java:29)
	at StringCalculator.add(StringCalculator.java:9)
	at StringCalculatorTest.givenAStringWithSeveralNumbersReturnsSum(StringCalculatorTest.java:66)
	at java.base/java.lang.reflect.Method.invoke(Method.java:580)
	at java.base/java.util.ArrayList.forEach(ArrayList.java:1597)
	at java.base/java.util.ArrayList.forEach(ArrayList.java:1597)
]]></error>
  </testcase>
  <testcase name="givenAStringWithOneNumberReturnThatNumber" classname="StringCalculatorTest" time="0.005">
    <error message="Index 1 out of bounds for length 1" type="java.lang.IndexOutOfBoundsException"><![CDATA[java.lang.IndexOutOfBoundsException: Index 1 out of bounds for length 1
	at java.base/jdk.internal.util.Preconditions.outOfBounds(Preconditions.java:100)
	at java.base/jdk.internal.util.Preconditions.outOfBoundsCheckIndex(Preconditions.java:106)
	at java.base/jdk.internal.util.Preconditions.checkIndex(Preconditions.java:302)
	at java.base/java.util.Objects.checkIndex(Objects.java:365)
	at java.base/java.util.ArrayList.get(ArrayList.java:428)
	at StringCalculator.hasNegative(StringCalculator.java:29)
	at StringCalculator.add(StringCalculator.java:9)
	at StringCalculatorTest.givenAStringWithOneNumberReturnThatNumber(StringCalculatorTest.java:40)
	at java.base/java.lang.reflect.Method.invoke(Method.java:580)
	at java.base/java.util.ArrayList.forEach(ArrayList.java:1597)
	at java.base/java.util.ArrayList.forEach(ArrayList.java:1597)
]]></error>
  </testcase>
  <testcase name="givenAStringWithSeveralNumbersSeparatedByUserDefinedDelimiter" classname="StringCalculatorTest" time="0.002">
    <error message="Index 4 out of bounds for length 4" type="java.lang.IndexOutOfBoundsException"><![CDATA[java.lang.IndexOutOfBoundsException: Index 4 out of bounds for length 4
	at java.base/jdk.internal.util.Preconditions.outOfBounds(Preconditions.java:100)
	at java.base/jdk.internal.util.Preconditions.outOfBoundsCheckIndex(Preconditions.java:106)
	at java.base/jdk.internal.util.Preconditions.checkIndex(Preconditions.java:302)
	at java.base/java.util.Objects.checkIndex(Objects.java:365)
	at java.base/java.util.ArrayList.get(ArrayList.java:428)
	at StringCalculator.hasNegative(StringCalculator.java:29)
	at StringCalculator.add(StringCalculator.java:9)
	at StringCalculatorTest.givenAStringWithSeveralNumbersSeparatedByUserDefinedDelimiter(StringCalculatorTest.java:92)
	at java.base/java.lang.reflect.Method.invoke(Method.java:580)
	at java.base/java.util.ArrayList.forEach(ArrayList.java:1597)
	at java.base/java.util.ArrayList.forEach(ArrayList.java:1597)
]]></error>
  </testcase>
  <testcase name="givenAStringWithTwoNumbersReturnsSum" classname="StringCalculatorTest" time="0.001">
    <error message="Index 2 out of bounds for length 2" type="java.lang.IndexOutOfBoundsException"><![CDATA[java.lang.IndexOutOfBoundsException: Index 2 out of bounds for length 2
	at java.base/jdk.internal.util.Preconditions.outOfBounds(Preconditions.java:100)
	at java.base/jdk.internal.util.Preconditions.outOfBoundsCheckIndex(Preconditions.java:106)
	at java.base/jdk.internal.util.Preconditions.checkIndex(Preconditions.java:302)
	at java.base/java.util.Objects.checkIndex(Objects.java:365)
	at java.base/java.util.ArrayList.get(ArrayList.java:428)
	at StringCalculator.hasNegative(StringCalculator.java:29)
	at StringCalculator.add(StringCalculator.java:9)
	at StringCalculatorTest.givenAStringWithTwoNumbersReturnsSum(StringCalculatorTest.java:53)
	at java.base/java.lang.reflect.Method.invoke(Method.java:580)
	at java.base/java.util.ArrayList.forEach(ArrayList.java:1597)
	at java.base/java.util.ArrayList.forEach(ArrayList.java:1597)
]]></error>
  </testcase>
  <testcase name="givenAnEmptyStringWhenAddThenReturnZero" classname="StringCalculatorTest" time="0.003"/>
  <testcase name="givenAStringWithSeveralNumbersSeparatedByCommasOrEndOfLine" classname="StringCalculatorTest" time="0.002">
    <error message="Index 4 out of bounds for length 4" type="java.lang.IndexOutOfBoundsException"><![CDATA[java.lang.IndexOutOfBoundsException: Index 4 out of bounds for length 4
	at java.base/jdk.internal.util.Preconditions.outOfBounds(Preconditions.java:100)
	at java.base/jdk.internal.util.Preconditions.outOfBoundsCheckIndex(Preconditions.java:106)
	at java.base/jdk.internal.util.Preconditions.checkIndex(Preconditions.java:302)
	at java.base/java.util.Objects.checkIndex(Objects.java:365)
	at java.base/java.util.ArrayList.get(ArrayList.java:428)
	at StringCalculator.hasNegative(StringCalculator.java:29)
	at StringCalculator.add(StringCalculator.java:9)
	at StringCalculatorTest.givenAStringWithSeveralNumbersSeparatedByCommasOrEndOfLine(StringCalculatorTest.java:79)
	at java.base/java.lang.reflect.Method.invoke(Method.java:580)
	at java.base/java.util.ArrayList.forEach(ArrayList.java:1597)
	at java.base/java.util.ArrayList.forEach(ArrayList.java:1597)
]]></error>
  </testcase>
</testsuite>